This is XeTeX, Version 3.14159265-2.6-0.99992 (TeX Live 2015/Debian) (preloaded format=xelatex 2018.9.16)  17 SEP 2018 01:49
entering extended mode
 restricted \write18 enabled.
 %&-line parsing enabled.
**section3_layout.tex
(./section3_layout.tex
LaTeX2e <2016/02/01>
Babel <3.9q> and hyphenation patterns for 81 language(s) loaded.
! Undefined control sequence.
l.1 \section
            {Î”Î¹Î¬ÏÎ¸ÏÏ‰ÏƒÎ· Ï„Î·Ï‚ Î‘Î½Î±Ï†Î¿ÏÎ¬Ï‚}
The control sequence at the end of the top line
of your error message was never \def'ed. If you have
misspelled it (e.g., `\hobx'), type `I' and the correct
spelling (e.g., `I\hbox'). Otherwise just continue,
and I'll forget about whatever was undefined.


! LaTeX Error: Missing \begin{document}.

See the LaTeX manual or LaTeX Companion for explanation.
Type  H <return>  for immediate help.
 ...                                              
                                                  
l.1 \section{Î”
               Î¹Î¬ÏÎ¸ÏÏ‰ÏƒÎ· Ï„Î·Ï‚ Î‘Î½Î±Ï†Î¿ÏÎ¬Ï‚}
You're in trouble here.  Try typing  <return>  to proceed.
If that doesn't work, type  X <return>  to quit.

Missing character: There is no Î” in font nullfont!
Missing character: There is no Î¹ in font nullfont!
Missing character: There is no Î¬ in font nullfont!
Missing character: There is no Ï in font nullfont!
Missing character: There is no Î¸ in font nullfont!
Missing character: There is no Ï in font nullfont!
Missing character: There is no Ï‰ in font nullfont!
Missing character: There is no Ïƒ in font nullfont!
Missing character: There is no Î· in font nullfont!
Missing character: There is no Ï„ in font nullfont!
Missing character: There is no Î· in font nullfont!
Missing character: There is no Ï‚ in font nullfont!
Missing character: There is no Î‘ in font nullfont!
Missing character: There is no Î½ in font nullfont!
Missing character: There is no Î± in font nullfont!
Missing character: There is no Ï† in font nullfont!
Missing character: There is no Î¿ in font nullfont!
Missing character: There is no Ï in font nullfont!
Missing character: There is no Î¬ in font nullfont!
Missing character: There is no Ï‚ in font nullfont!

Overfull \hbox (20.0pt too wide) in paragraph at lines 1--3
[]
 []


! LaTeX Error: Missing \begin{document}.

See the LaTeX manual or LaTeX Companion for explanation.
Type  H <return>  for immediate help.
 ...                                              
                                                  
l.4 Î—
       Î´Î¹Î¬ÏÎ¸ÏÏ‰ÏƒÎ· Ï„Î·Ï‚ Ï€Î±ÏÎ¿ÏÏƒÎ±Ï‚ Î´Î¹Ï€Î»Ï‰Î¼Î±Ï„Î¹ÎºÎ®Ï‚ Î...

You're in trouble here.  Try typing  <return>  to proceed.
If that doesn't work, type  X <return>  to quit.

Missing character: There is no Î— in font nullfont!
Missing character: There is no Î´ in font nullfont!
Missing character: There is no Î¹ in font nullfont!
Missing character: There is no Î¬ in font nullfont!
Missing character: There is no Ï in font nullfont!
Missing character: There is no Î¸ in font nullfont!
Missing character: There is no Ï in font nullfont!
Missing character: There is no Ï‰ in font nullfont!
Missing character: There is no Ïƒ in font nullfont!
Missing character: There is no Î· in font nullfont!
Missing character: There is no Ï„ in font nullfont!
Missing character: There is no Î· in font nullfont!
Missing character: There is no Ï‚ in font nullfont!
Missing character: There is no Ï€ in font nullfont!
Missing character: There is no Î± in font nullfont!
Missing character: There is no Ï in font nullfont!
Missing character: There is no Î¿ in font nullfont!
Missing character: There is no Ï in font nullfont!
Missing character: There is no Ïƒ in font nullfont!
Missing character: There is no Î± in font nullfont!
Missing character: There is no Ï‚ in font nullfont!
Missing character: There is no Î´ in font nullfont!
Missing character: There is no Î¹ in font nullfont!
Missing character: There is no Ï€ in font nullfont!
Missing character: There is no Î» in font nullfont!
Missing character: There is no Ï‰ in font nullfont!
Missing character: There is no Î¼ in font nullfont!
Missing character: There is no Î± in font nullfont!
Missing character: There is no Ï„ in font nullfont!
Missing character: There is no Î¹ in font nullfont!
Missing character: There is no Îº in font nullfont!
Missing character: There is no Î® in font nullfont!
Missing character: There is no Ï‚ in font nullfont!
Missing character: There is no Îµ in font nullfont!
Missing character: There is no Ï in font nullfont!
Missing character: There is no Î³ in font nullfont!
Missing character: There is no Î± in font nullfont!
Missing character: There is no Ïƒ in font nullfont!
Missing character: There is no Î¯ in font nullfont!
Missing character: There is no Î± in font nullfont!
Missing character: There is no Ï‚ in font nullfont!
Missing character: There is no Îµ in font nullfont!
Missing character: There is no Î¯ in font nullfont!
Missing character: There is no Î½ in font nullfont!
Missing character: There is no Î± in font nullfont!
Missing character: There is no Î¹ in font nullfont!
Missing character: There is no Î· in font nullfont!
Missing character: There is no Îµ in font nullfont!
Missing character: There is no Î¾ in font nullfont!
Missing character: There is no Î® in font nullfont!
Missing character: There is no Ï‚ in font nullfont!
Missing character: There is no : in font nullfont!

Overfull \hbox (20.0pt too wide) in paragraph at lines 4--5
[]
 []


! LaTeX Error: Missing \begin{document}.

See the LaTeX manual or LaTeX Companion for explanation.
Type  H <return>  for immediate help.
 ...                                              
                                                  
l.6 \begin{itemize}
                   
You're in trouble here.  Try typing  <return>  to proceed.
If that doesn't work, type  X <return>  to quit.


Overfull \hbox (20.0pt too wide) in paragraph at lines 6--6
[] 
 []

Missing character: There is no Îš in font cmbx10!
Missing character: There is no Îµ in font cmbx10!
Missing character: There is no Ï† in font cmbx10!
Missing character: There is no Î¬ in font cmbx10!
Missing character: There is no Î» in font cmbx10!
Missing character: There is no Î± in font cmbx10!
Missing character: There is no Î¹ in font cmbx10!
Missing character: There is no Î¿ in font cmbx10!
! Undefined control sequence.
<write> ...ence `chapter:theory' on page \thepage 
                                                  \space undefined\on@line .^^J
l.12 ...bf{ÎšÎµÏ†Î¬Î»Î±Î¹Î¿ \ref{chapter:theory}:}
                                                   Î ÎµÏÎ¹Î³ÏÎ¬Ï†Î¿Î½Ï„Î±Î...
The control sequence at the end of the top line
of your error message was never \def'ed. If you have
misspelled it (e.g., `\hobx'), type `I' and the correct
spelling (e.g., `I\hbox'). Otherwise just continue,
and I'll forget about whatever was undefined.


LaTeX Warning: Reference `chapter:theory' on page  undefined on input line 12.

Missing character: There is no Î  in font nullfont!
Missing character: There is no Îµ in font nullfont!
Missing character: There is no Ï in font nullfont!
Missing character: There is no Î¹ in font nullfont!
Missing character: There is no Î³ in font nullfont!
Missing character: There is no Ï in font nullfont!
Missing character: There is no Î¬ in font nullfont!
Missing character: There is no Ï† in font nullfont!
Missing character: There is no Î¿ in font nullfont!
Missing character: There is no Î½ in font nullfont!
Missing character: There is no Ï„ in font nullfont!
Missing character: There is no Î± in font nullfont!
Missing character: There is no Î¹ in font nullfont!
Missing character: There is no Ï„ in font nullfont!
Missing character: There is no Î± in font nullfont!
Missing character: There is no Î² in font nullfont!
Missing character: There is no Î± in font nullfont!
Missing character: There is no Ïƒ in font nullfont!
Missing character: There is no Î¹ in font nullfont!
Missing character: There is no Îº in font nullfont!
Missing character: There is no Î¬ in font nullfont!
Missing character: There is no Î¸ in font nullfont!
Missing character: There is no Îµ in font nullfont!
Missing character: There is no Ï‰ in font nullfont!
Missing character: There is no Ï in font nullfont!
Missing character: There is no Î· in font nullfont!
Missing character: There is no Ï„ in font nullfont!
Missing character: There is no Î¹ in font nullfont!
Missing character: There is no Îº in font nullfont!
Missing character: There is no Î¬ in font nullfont!
Missing character: There is no Ïƒ in font nullfont!
Missing character: There is no Ï„ in font nullfont!
Missing character: There is no Î¿ in font nullfont!
Missing character: There is no Î¹ in font nullfont!
Missing character: There is no Ï‡ in font nullfont!
Missing character: There is no Îµ in font nullfont!
Missing character: There is no Î¯ in font nullfont!
Missing character: There is no Î± in font nullfont!
Missing character: There is no Ïƒ in font nullfont!
Missing character: There is no Ï„ in font nullfont!
Missing character: There is no Î± in font nullfont!
Missing character: There is no Î¿ in font nullfont!
Missing character: There is no Ï€ in font nullfont!
Missing character: There is no Î¿ in font nullfont!
Missing character: There is no Î¯ in font nullfont!
Missing character: There is no Î± in font nullfont!
Missing character: There is no Î² in font nullfont!
Missing character: There is no Î± in font nullfont!
Missing character: There is no Ïƒ in font nullfont!
Missing character: There is no Î¯ in font nullfont!
Missing character: There is no Ïƒ in font nullfont!
Missing character: There is no Ï„ in font nullfont!
Missing character: There is no Î· in font nullfont!
Missing character: There is no Îº in font nullfont!
Missing character: There is no Î± in font nullfont!
Missing character: There is no Î½ in font nullfont!
Missing character: There is no Î¿ in font nullfont!
Missing character: There is no Î¹ in font nullfont!
Missing character: There is no Ï… in font nullfont!
Missing character: There is no Î» in font nullfont!
Missing character: There is no Î¿ in font nullfont!
Missing character: There is no Ï€ in font nullfont!
Missing character: There is no Î¿ in font nullfont!
Missing character: There is no Î¹ in font nullfont!
Missing character: There is no Î® in font nullfont!
Missing character: There is no Ïƒ in font nullfont!
Missing character: There is no Îµ in font nullfont!
Missing character: There is no Î¹ in font nullfont!
Missing character: There is no Ï‚ in font nullfont!
Missing character: There is no . in font nullfont!
Missing character: There is no Î“ in font nullfont!
Missing character: There is no Î¯ in font nullfont!
Missing character: There is no Î½ in font nullfont!
Missing character: There is no Îµ in font nullfont!
Missing character: There is no Ï„ in font nullfont!
Missing character: There is no Î± in font nullfont!
Missing character: There is no Î¹ in font nullfont!
Missing character: There is no Îµ in font nullfont!
Missing character: There is no Î¹ in font nullfont!
Missing character: There is no Ïƒ in font nullfont!
Missing character: There is no Î± in font nullfont!
Missing character: There is no Î³ in font nullfont!
Missing character: There is no Ï‰ in font nullfont!
Missing character: There is no Î³ in font nullfont!
Missing character: There is no Î® in font nullfont!
Missing character: There is no Ïƒ in font nullfont!
Missing character: There is no Ï„ in font nullfont!
Missing character: There is no Î· in font nullfont!
Missing character: There is no Î½ in font nullfont!
Missing character: There is no Îµ in font nullfont!
Missing character: There is no Ï€ in font nullfont!
Missing character: There is no Î¹ in font nullfont!
Missing character: There is no Ïƒ in font nullfont!
Missing character: There is no Ï„ in font nullfont!
Missing character: There is no Î® in font nullfont!
Missing character: There is no Î¼ in font nullfont!
Missing character: There is no Î· in font nullfont!
Missing character: There is no Ï„ in font nullfont!
Missing character: There is no Î· in font nullfont!
Missing character: There is no Ï‚ in font nullfont!
Missing character: There is no Î¼ in font nullfont!
Missing character: There is no Î· in font nullfont!
Missing character: There is no Ï‡ in font nullfont!
Missing character: There is no Î± in font nullfont!
Missing character: There is no Î½ in font nullfont!
Missing character: There is no Î¹ in font nullfont!
Missing character: There is no Îº in font nullfont!
Missing character: There is no Î® in font nullfont!
Missing character: There is no Ï‚ in font nullfont!
Missing character: There is no Î¼ in font nullfont!
Missing character: There is no Î¬ in font nullfont!
Missing character: There is no Î¸ in font nullfont!
Missing character: There is no Î· in font nullfont!
Missing character: There is no Ïƒ in font nullfont!
Missing character: There is no Î· in font nullfont!
Missing character: There is no Ï‚ in font nullfont!
Missing character: There is no Îº in font nullfont!
Missing character: There is no Î± in font nullfont!
Missing character: There is no Î¹ in font nullfont!
Missing character: There is no Îº in font nullfont!
Missing character: There is no Î± in font nullfont!
Missing character: There is no Ï„ in font nullfont!
Missing character: There is no Î± in font nullfont!
Missing character: There is no Î» in font nullfont!
Missing character: There is no Î® in font nullfont!
Missing character: There is no Î³ in font nullfont!
Missing character: There is no Îµ in font nullfont!
Missing character: There is no Î¹ in font nullfont!
Missing character: There is no Ïƒ in font nullfont!
Missing character: There is no Ï„ in font nullfont!
Missing character: There is no Î· in font nullfont!
Missing character: There is no Î½ in font nullfont!
Missing character: There is no Ï€ in font nullfont!
Missing character: There is no Îµ in font nullfont!
Missing character: There is no Ï in font nullfont!
Missing character: There is no Î¹ in font nullfont!
Missing character: There is no Î³ in font nullfont!
Missing character: There is no Ï in font nullfont!
Missing character: There is no Î± in font nullfont!
Missing character: There is no Ï† in font nullfont!
Missing character: There is no Î® in font nullfont!
Missing character: There is no Ï„ in font nullfont!
Missing character: There is no Î· in font nullfont!
Missing character: There is no Ï‚ in font nullfont!
Missing character: There is no Î» in font nullfont!
Missing character: There is no Îµ in font nullfont!
Missing character: There is no Î¹ in font nullfont!
Missing character: There is no Ï„ in font nullfont!
Missing character: There is no Î¿ in font nullfont!
Missing character: There is no Ï… in font nullfont!
Missing character: There is no Ï in font nullfont!
Missing character: There is no Î³ in font nullfont!
Missing character: There is no Î¯ in font nullfont!
Missing character: There is no Î± in font nullfont!
Missing character: There is no Ï‚ in font nullfont!
Missing character: There is no Îº in font nullfont!
Missing character: There is no Î± in font nullfont!
Missing character: There is no Î¹ in font nullfont!
Missing character: There is no Ï‡ in font nullfont!
Missing character: There is no Ï in font nullfont!
Missing character: There is no Î® in font nullfont!
Missing character: There is no Ïƒ in font nullfont!
Missing character: There is no Î· in font nullfont!
Missing character: There is no Ï‚ in font nullfont!
Missing character: There is no Ï„ in font nullfont!
Missing character: There is no Ï‰ in font nullfont!
Missing character: There is no Î½ in font nullfont!
Missing character: There is no C in font nullfont!
Missing character: There is no N in font nullfont!
Missing character: There is no N in font nullfont!
Missing character: There is no . in font nullfont!

Overfull \hbox (14.05548pt too wide) in paragraph at lines 12--17
[]\OT1/cmr/bx/n/10 :
 []

Missing character: There is no Îš in font cmbx10!
Missing character: There is no Îµ in font cmbx10!
Missing character: There is no Ï† in font cmbx10!
Missing character: There is no Î¬ in font cmbx10!
Missing character: There is no Î» in font cmbx10!
Missing character: There is no Î± in font cmbx10!
Missing character: There is no Î¹ in font cmbx10!
Missing character: There is no Î¿ in font cmbx10!
! Undefined control sequence.
<write> ...rence `chapter:tools' on page \thepage 
                                                  \space undefined\on@line .^^J
l.17 ...tbf{ÎšÎµÏ†Î¬Î»Î±Î¹Î¿ \ref{chapter:tools}:}
                                                   Î Î±ÏÎ¿Ï…ÏƒÎ¹Î¬Î¶Î¿Î½Ï„Î...
The control sequence at the end of the top line
of your error message was never \def'ed. If you have
misspelled it (e.g., `\hobx'), type `I' and the correct
spelling (e.g., `I\hbox'). Otherwise just continue,
and I'll forget about whatever was undefined.


LaTeX Warning: Reference `chapter:tools' on page  undefined on input line 17.

Missing character: There is no Î  in font nullfont!
Missing character: There is no Î± in font nullfont!
Missing character: There is no Ï in font nullfont!
Missing character: There is no Î¿ in font nullfont!
Missing character: There is no Ï… in font nullfont!
Missing character: There is no Ïƒ in font nullfont!
Missing character: There is no Î¹ in font nullfont!
Missing character: There is no Î¬ in font nullfont!
Missing character: There is no Î¶ in font nullfont!
Missing character: There is no Î¿ in font nullfont!
Missing character: There is no Î½ in font nullfont!
Missing character: There is no Ï„ in font nullfont!
Missing character: There is no Î± in font nullfont!
Missing character: There is no Î¹ in font nullfont!
Missing character: There is no Î¿ in font nullfont!
Missing character: There is no Î¹ in font nullfont!
Missing character: There is no Î´ in font nullfont!
Missing character: There is no Î¹ in font nullfont!
Missing character: There is no Î¬ in font nullfont!
Missing character: There is no Ï† in font nullfont!
Missing character: There is no Î¿ in font nullfont!
Missing character: There is no Ï in font nullfont!
Missing character: There is no Îµ in font nullfont!
Missing character: There is no Ï‚ in font nullfont!
Missing character: There is no Ï„ in font nullfont!
Missing character: There is no Îµ in font nullfont!
Missing character: There is no Ï‡ in font nullfont!
Missing character: There is no Î½ in font nullfont!
Missing character: There is no Î¹ in font nullfont!
Missing character: There is no Îº in font nullfont!
Missing character: There is no Î­ in font nullfont!
Missing character: There is no Ï‚ in font nullfont!
Missing character: There is no Îº in font nullfont!
Missing character: There is no Î± in font nullfont!
Missing character: There is no Î¹ in font nullfont!
Missing character: There is no Ï„ in font nullfont!
Missing character: There is no Î± in font nullfont!
Missing character: There is no Îµ in font nullfont!
Missing character: There is no Ï in font nullfont!
Missing character: There is no Î³ in font nullfont!
Missing character: There is no Î± in font nullfont!
Missing character: There is no Î» in font nullfont!
Missing character: There is no Îµ in font nullfont!
Missing character: There is no Î¯ in font nullfont!
Missing character: There is no Î± in font nullfont!
Missing character: There is no Ï€ in font nullfont!
Missing character: There is no Î¿ in font nullfont!
Missing character: There is no Ï… in font nullfont!
Missing character: There is no Ï‡ in font nullfont!
Missing character: There is no Ï in font nullfont!
Missing character: There is no Î· in font nullfont!
Missing character: There is no Ïƒ in font nullfont!
Missing character: There is no Î¹ in font nullfont!
Missing character: There is no Î¼ in font nullfont!
Missing character: There is no Î¿ in font nullfont!
Missing character: There is no Ï€ in font nullfont!
Missing character: There is no Î¿ in font nullfont!
Missing character: There is no Î¹ in font nullfont!
Missing character: There is no Î® in font nullfont!
Missing character: There is no Î¸ in font nullfont!
Missing character: There is no Î· in font nullfont!
Missing character: There is no Îº in font nullfont!
Missing character: There is no Î± in font nullfont!
Missing character: There is no Î½ in font nullfont!
Missing character: There is no Ïƒ in font nullfont!
Missing character: There is no Ï„ in font nullfont!
Missing character: There is no Î¹ in font nullfont!
Missing character: There is no Ï‚ in font nullfont!
Missing character: There is no Ï… in font nullfont!
Missing character: There is no Î» in font nullfont!
Missing character: There is no Î¿ in font nullfont!
Missing character: There is no Ï€ in font nullfont!
Missing character: There is no Î¿ in font nullfont!
Missing character: There is no Î¹ in font nullfont!
Missing character: There is no Î® in font nullfont!
Missing character: There is no Ïƒ in font nullfont!
Missing character: There is no Îµ in font nullfont!
Missing character: There is no Î¹ in font nullfont!
Missing character: There is no Ï‚ in font nullfont!
Missing character: There is no . in font nullfont!

Overfull \hbox (14.05548pt too wide) in paragraph at lines 17--21
[]\OT1/cmr/bx/n/10 :
 []

Missing character: There is no Îš in font cmbx10!
Missing character: There is no Îµ in font cmbx10!
Missing character: There is no Ï† in font cmbx10!
Missing character: There is no Î¬ in font cmbx10!
Missing character: There is no Î» in font cmbx10!
Missing character: There is no Î± in font cmbx10!
Missing character: There is no Î¹ in font cmbx10!
Missing character: There is no Î¿ in font cmbx10!
! Undefined control sequence.
<write> ...pter:implementations' on page \thepage 
                                                  \space undefined\on@line .^^J
l.21 ...Î¬Î»Î±Î¹Î¿ \ref{chapter:implementations}:}
                                                   Î Î»Î®ÏÎ·Ï‚ Ï€ÎµÏÎ¹Î³Ï...
The control sequence at the end of the top line
of your error message was never \def'ed. If you have
misspelled it (e.g., `\hobx'), type `I' and the correct
spelling (e.g., `I\hbox'). Otherwise just continue,
and I'll forget about whatever was undefined.


LaTeX Warning: Reference `chapter:implementations' on page  undefined on input 
line 21.

Missing character: There is no Î  in font nullfont!
Missing character: There is no Î» in font nullfont!
Missing character: There is no Î® in font nullfont!
Missing character: There is no Ï in font nullfont!
Missing character: There is no Î· in font nullfont!
Missing character: There is no Ï‚ in font nullfont!
Missing character: There is no Ï€ in font nullfont!
Missing character: There is no Îµ in font nullfont!
Missing character: There is no Ï in font nullfont!
Missing character: There is no Î¹ in font nullfont!
Missing character: There is no Î³ in font nullfont!
Missing character: There is no Ï in font nullfont!
Missing character: There is no Î± in font nullfont!
Missing character: There is no Ï† in font nullfont!
Missing character: There is no Î® in font nullfont!
Missing character: There is no Ï„ in font nullfont!
Missing character: There is no Ï‰ in font nullfont!
Missing character: There is no Î½ in font nullfont!
Missing character: There is no Ï… in font nullfont!
Missing character: There is no Î» in font nullfont!
Missing character: There is no Î¿ in font nullfont!
Missing character: There is no Ï€ in font nullfont!
Missing character: There is no Î¿ in font nullfont!
Missing character: There is no Î¹ in font nullfont!
Missing character: There is no Î® in font nullfont!
Missing character: There is no Ïƒ in font nullfont!
Missing character: There is no Îµ in font nullfont!
Missing character: There is no Ï‰ in font nullfont!
Missing character: There is no Î½ in font nullfont!
Missing character: There is no Î´ in font nullfont!
Missing character: There is no Î¹ in font nullfont!
Missing character: There is no Î± in font nullfont!
Missing character: There is no Ï† in font nullfont!
Missing character: There is no ÏŒ in font nullfont!
Missing character: There is no Ï in font nullfont!
Missing character: There is no Ï‰ in font nullfont!
Missing character: There is no Î½ in font nullfont!
Missing character: There is no Î¼ in font nullfont!
Missing character: There is no Î¿ in font nullfont!
Missing character: There is no Î½ in font nullfont!
Missing character: There is no Ï„ in font nullfont!
Missing character: There is no Î­ in font nullfont!
Missing character: There is no Î» in font nullfont!
Missing character: There is no Ï‰ in font nullfont!
Missing character: There is no Î½ in font nullfont!
Missing character: There is no C in font nullfont!
Missing character: There is no N in font nullfont!
Missing character: There is no N in font nullfont!
Missing character: There is no ( in font nullfont!
Missing character: There is no A in font nullfont!
Missing character: There is no l in font nullfont!
Missing character: There is no e in font nullfont!
Missing character: There is no x in font nullfont!
Missing character: There is no N in font nullfont!
Missing character: There is no e in font nullfont!
Missing character: There is no t in font nullfont!
Missing character: There is no , in font nullfont!
Missing character: There is no V in font nullfont!
Missing character: There is no G in font nullfont!
Missing character: There is no G in font nullfont!
Missing character: There is no 1 in font nullfont!
Missing character: There is no 6 in font nullfont!
Missing character: There is no , in font nullfont!
Missing character: There is no T in font nullfont!
Missing character: There is no i in font nullfont!
Missing character: There is no n in font nullfont!
Missing character: There is no y in font nullfont!
Missing character: There is no - in font nullfont!
Missing character: There is no Y in font nullfont!
Missing character: There is no O in font nullfont!
Missing character: There is no L in font nullfont!
Missing character: There is no O in font nullfont!
Missing character: There is no ) in font nullfont!
Missing character: There is no . in font nullfont!

Overfull \hbox (14.05548pt too wide) in paragraph at lines 21--24
[]\OT1/cmr/bx/n/10 :
 []

Missing character: There is no Îš in font cmbx10!
Missing character: There is no Îµ in font cmbx10!
Missing character: There is no Ï† in font cmbx10!
Missing character: There is no Î¬ in font cmbx10!
Missing character: There is no Î» in font cmbx10!
Missing character: There is no Î± in font cmbx10!
Missing character: There is no Î¹ in font cmbx10!
Missing character: There is no Î¿ in font cmbx10!
! Undefined control sequence.
<write> ...`chapter:experiments' on page \thepage 
                                                  \space undefined\on@line .^^J
l.24 ...ÎµÏ†Î¬Î»Î±Î¹Î¿ \ref{chapter:experiments}:}
                                                   Î Î±ÏÎ¿Ï…ÏƒÎ¹Î¬Î¶ÎµÏ„Î±Î...
The control sequence at the end of the top line
of your error message was never \def'ed. If you have
misspelled it (e.g., `\hobx'), type `I' and the correct
spelling (e.g., `I\hbox'). Otherwise just continue,
and I'll forget about whatever was undefined.


LaTeX Warning: Reference `chapter:experiments' on page  undefined on input line
 24.

Missing character: There is no Î  in font nullfont!
Missing character: There is no Î± in font nullfont!
Missing character: There is no Ï in font nullfont!
Missing character: There is no Î¿ in font nullfont!
Missing character: There is no Ï… in font nullfont!
Missing character: There is no Ïƒ in font nullfont!
Missing character: There is no Î¹ in font nullfont!
Missing character: There is no Î¬ in font nullfont!
Missing character: There is no Î¶ in font nullfont!
Missing character: There is no Îµ in font nullfont!
Missing character: There is no Ï„ in font nullfont!
Missing character: There is no Î± in font nullfont!
Missing character: There is no Î¹ in font nullfont!
Missing character: There is no Î± in font nullfont!
Missing character: There is no Î½ in font nullfont!
Missing character: There is no Î± in font nullfont!
Missing character: There is no Î» in font nullfont!
Missing character: There is no Ï… in font nullfont!
Missing character: There is no Ï„ in font nullfont!
Missing character: There is no Î¹ in font nullfont!
Missing character: There is no Îº in font nullfont!
Missing character: There is no Î¬ in font nullfont!
Missing character: There is no Î· in font nullfont!
Missing character: There is no Î¼ in font nullfont!
Missing character: There is no Îµ in font nullfont!
Missing character: There is no Î¸ in font nullfont!
Missing character: There is no Î¿ in font nullfont!
Missing character: There is no Î´ in font nullfont!
Missing character: There is no Î¿ in font nullfont!
Missing character: There is no Î» in font nullfont!
Missing character: There is no Î¿ in font nullfont!
Missing character: There is no Î³ in font nullfont!
Missing character: There is no Î¯ in font nullfont!
Missing character: There is no Î± in font nullfont!
Missing character: There is no Ï„ in font nullfont!
Missing character: There is no Ï‰ in font nullfont!
Missing character: There is no Î½ in font nullfont!
Missing character: There is no Ï€ in font nullfont!
Missing character: There is no Îµ in font nullfont!
Missing character: There is no Î¹ in font nullfont!
Missing character: There is no Ï in font nullfont!
Missing character: There is no Î± in font nullfont!
Missing character: There is no Î¼ in font nullfont!
Missing character: There is no Î¬ in font nullfont!
Missing character: There is no Ï„ in font nullfont!
Missing character: There is no Ï‰ in font nullfont!
Missing character: There is no Î½ in font nullfont!
Missing character: There is no Îº in font nullfont!
Missing character: There is no Î± in font nullfont!
Missing character: There is no Î¹ in font nullfont!
Missing character: There is no Ï„ in font nullfont!
Missing character: There is no Î± in font nullfont!
Missing character: There is no Î± in font nullfont!
Missing character: There is no Ï€ in font nullfont!
Missing character: There is no Î¿ in font nullfont!
Missing character: There is no Ï„ in font nullfont!
Missing character: There is no Îµ in font nullfont!
Missing character: There is no Î» in font nullfont!
Missing character: There is no Î­ in font nullfont!
Missing character: There is no Ïƒ in font nullfont!
Missing character: There is no Î¼ in font nullfont!
Missing character: There is no Î± in font nullfont!
Missing character: There is no Ï„ in font nullfont!
Missing character: There is no Î± in font nullfont!
Missing character: There is no . in font nullfont!

Overfull \hbox (14.05548pt too wide) in paragraph at lines 24--27
[]\OT1/cmr/bx/n/10 :
 []

Missing character: There is no Îš in font cmbx10!
Missing character: There is no Îµ in font cmbx10!
Missing character: There is no Ï† in font cmbx10!
Missing character: There is no Î¬ in font cmbx10!
Missing character: There is no Î» in font cmbx10!
Missing character: There is no Î± in font cmbx10!
Missing character: There is no Î¹ in font cmbx10!
Missing character: There is no Î¿ in font cmbx10!
! Undefined control sequence.
<write> ...`chapter:conclusions' on page \thepage 
                                                  \space undefined\on@line .^^J
l.27 ...ÎµÏ†Î¬Î»Î±Î¹Î¿ \ref{chapter:conclusions}:}
                                                   Î Î±ÏÎ¿Ï…ÏƒÎ¹Î¬Î¶Î¿Î½Ï„Î...
The control sequence at the end of the top line
of your error message was never \def'ed. If you have
misspelled it (e.g., `\hobx'), type `I' and the correct
spelling (e.g., `I\hbox'). Otherwise just continue,
and I'll forget about whatever was undefined.


LaTeX Warning: Reference `chapter:conclusions' on page  undefined on input line
 27.

Missing character: There is no Î  in font nullfont!
Missing character: There is no Î± in font nullfont!
Missing character: There is no Ï in font nullfont!
Missing character: There is no Î¿ in font nullfont!
Missing character: There is no Ï… in font nullfont!
Missing character: There is no Ïƒ in font nullfont!
Missing character: There is no Î¹ in font nullfont!
Missing character: There is no Î¬ in font nullfont!
Missing character: There is no Î¶ in font nullfont!
Missing character: There is no Î¿ in font nullfont!
Missing character: There is no Î½ in font nullfont!
Missing character: There is no Ï„ in font nullfont!
Missing character: There is no Î± in font nullfont!
Missing character: There is no Î¹ in font nullfont!
Missing character: There is no Ï„ in font nullfont!
Missing character: There is no Î± in font nullfont!
Missing character: There is no Ï„ in font nullfont!
Missing character: There is no Îµ in font nullfont!
Missing character: There is no Î» in font nullfont!
Missing character: There is no Î¹ in font nullfont!
Missing character: There is no Îº in font nullfont!
Missing character: There is no Î¬ in font nullfont!
Missing character: There is no Ïƒ in font nullfont!
Missing character: There is no Ï… in font nullfont!
Missing character: There is no Î¼ in font nullfont!
Missing character: There is no Ï€ in font nullfont!
Missing character: There is no Îµ in font nullfont!
Missing character: There is no Ï in font nullfont!
Missing character: There is no Î¬ in font nullfont!
Missing character: There is no Ïƒ in font nullfont!
Missing character: There is no Î¼ in font nullfont!
Missing character: There is no Î± in font nullfont!
Missing character: There is no Ï„ in font nullfont!
Missing character: There is no Î± in font nullfont!
Missing character: There is no . in font nullfont!

Overfull \hbox (14.05548pt too wide) in paragraph at lines 27--29
[]\OT1/cmr/bx/n/10 :
 []

Missing character: There is no Îš in font cmbx10!
Missing character: There is no Îµ in font cmbx10!
Missing character: There is no Ï† in font cmbx10!
Missing character: There is no Î¬ in font cmbx10!
Missing character: There is no Î» in font cmbx10!
Missing character: There is no Î± in font cmbx10!
Missing character: There is no Î¹ in font cmbx10!
Missing character: There is no Î¿ in font cmbx10!
! Undefined control sequence.
<write> ...`chapter:future_work' on page \thepage 
                                                  \space undefined\on@line .^^J
l.29 ...ÎµÏ†Î¬Î»Î±Î¹Î¿ \ref{chapter:future_work}:}
                                                   Î‘Î½Î±Ï†Î­ÏÎ¿Î½Ï„Î±Î¹ Ï„Î±
The control sequence at the end of the top line
of your error message was never \def'ed. If you have
misspelled it (e.g., `\hobx'), type `I' and the correct
spelling (e.g., `I\hbox'). Otherwise just continue,
and I'll forget about whatever was undefined.


LaTeX Warning: Reference `chapter:future_work' on page  undefined on input line
 29.

Missing character: There is no Î‘ in font nullfont!
Missing character: There is no Î½ in font nullfont!
Missing character: There is no Î± in font nullfont!
Missing character: There is no Ï† in font nullfont!
Missing character: There is no Î­ in font nullfont!
Missing character: There is no Ï in font nullfont!
Missing character: There is no Î¿ in font nullfont!
Missing character: There is no Î½ in font nullfont!
Missing character: There is no Ï„ in font nullfont!
Missing character: There is no Î± in font nullfont!
Missing character: There is no Î¹ in font nullfont!
Missing character: There is no Ï„ in font nullfont!
Missing character: There is no Î± in font nullfont!
Missing character: There is no Ï€ in font nullfont!
Missing character: There is no Ï in font nullfont!
Missing character: There is no Î¿ in font nullfont!
Missing character: There is no Î² in font nullfont!
Missing character: There is no Î» in font nullfont!
Missing character: There is no Î® in font nullfont!
Missing character: There is no Î¼ in font nullfont!
Missing character: There is no Î± in font nullfont!
Missing character: There is no Ï„ in font nullfont!
Missing character: There is no Î± in font nullfont!
Missing character: There is no Ï€ in font nullfont!
Missing character: There is no Î¿ in font nullfont!
Missing character: There is no Ï… in font nullfont!
Missing character: There is no Ï€ in font nullfont!
Missing character: There is no Ï in font nullfont!
Missing character: There is no Î¿ in font nullfont!
Missing character: There is no Î­ in font nullfont!
Missing character: There is no Îº in font nullfont!
Missing character: There is no Ï… in font nullfont!
Missing character: There is no Ïˆ in font nullfont!
Missing character: There is no Î± in font nullfont!
Missing character: There is no Î½ in font nullfont!
Missing character: There is no Îº in font nullfont!
Missing character: There is no Î± in font nullfont!
Missing character: There is no Î¹ in font nullfont!
Missing character: There is no Ï€ in font nullfont!
Missing character: There is no Ï in font nullfont!
Missing character: There is no Î¿ in font nullfont!
Missing character: There is no Ï„ in font nullfont!
Missing character: There is no Îµ in font nullfont!
Missing character: There is no Î¯ in font nullfont!
Missing character: There is no Î½ in font nullfont!
Missing character: There is no Î¿ in font nullfont!
Missing character: There is no Î½ in font nullfont!
Missing character: There is no Ï„ in font nullfont!
Missing character: There is no Î± in font nullfont!
Missing character: There is no Î¹ in font nullfont!
Missing character: There is no Î¸ in font nullfont!
Missing character: There is no Î­ in font nullfont!
Missing character: There is no Î¼ in font nullfont!
Missing character: There is no Î± in font nullfont!
Missing character: There is no Ï„ in font nullfont!
Missing character: There is no Î± in font nullfont!
Missing character: There is no Î³ in font nullfont!
Missing character: There is no Î¹ in font nullfont!
Missing character: There is no Î± in font nullfont!
Missing character: There is no Î¼ in font nullfont!
Missing character: There is no Îµ in font nullfont!
Missing character: There is no Î» in font nullfont!
Missing character: There is no Î» in font nullfont!
Missing character: There is no Î¿ in font nullfont!
Missing character: There is no Î½ in font nullfont!
Missing character: There is no Ï„ in font nullfont!
Missing character: There is no Î¹ in font nullfont!
Missing character: There is no Îº in font nullfont!
Missing character: There is no Î® in font nullfont!
Missing character: There is no Î¼ in font nullfont!
Missing character: There is no Îµ in font nullfont!
Missing character: There is no Î» in font nullfont!
Missing character: There is no Î­ in font nullfont!
Missing character: There is no Ï„ in font nullfont!
Missing character: There is no Î· in font nullfont!
Missing character: There is no , in font nullfont!
Missing character: There is no Î± in font nullfont!
Missing character: There is no Î» in font nullfont!
Missing character: There is no Î» in font nullfont!
Missing character: There is no Î± in font nullfont!
Missing character: There is no Î³ in font nullfont!
Missing character: There is no Î­ in font nullfont!
Missing character: There is no Ï‚ in font nullfont!
Missing character: There is no Îº in font nullfont!
Missing character: There is no Î± in font nullfont!
Missing character: There is no Î¹ in font nullfont!
Missing character: There is no Îµ in font nullfont!
Missing character: There is no Ï€ in font nullfont!
Missing character: There is no Îµ in font nullfont!
Missing character: There is no Îº in font nullfont!
Missing character: There is no Ï„ in font nullfont!
Missing character: There is no Î¬ in font nullfont!
Missing character: There is no Ïƒ in font nullfont!
Missing character: There is no Îµ in font nullfont!
Missing character: There is no Î¹ in font nullfont!
Missing character: There is no Ï‚ in font nullfont!
Missing character: There is no . in font nullfont!

Overfull \hbox (14.05548pt too wide) in paragraph at lines 29--33
[]\OT1/cmr/bx/n/10 :
 []

)
! Emergency stop.
<*> section3_layout.tex
                       
*** (job aborted, no legal \end found)

 
Here is how much of TeX's memory you used:
 15 strings out of 493638
 234 string characters out of 6146796
 54580 words of memory out of 5000000
 3515 multiletter control sequences out of 15000+600000
 3948 words of font info for 15 fonts, out of 8000000 for 9000
 1328 hyphenation exceptions out of 8191
 21i,1n,20p,138b,156s stack positions out of 5000i,500n,10000p,200000b,80000s
No pages of output.
